[0m2021.08.07 18:17:26 INFO  Started: Metals version 0.10.5 in workspace '/Users/seanmhiggins/SoftLot/scala-algorithms' for client Visual Studio Code - Insiders 1.59.0-insider.[0m
[0m2021.08.07 18:17:26 INFO  time: initialize in 0.25s[0m
[0m2021.08.07 18:17:26 WARN  Build server is not auto-connectable.[0m
[0m2021.08.07 18:17:39 WARN  no build target for: /Users/seanmhiggins/SoftLot/scala-algorithms/build.sbt[0m
[0m2021.08.07 18:17:40 INFO  no build target: using presentation compiler with only scala-library: 2.12.14[0m
[0m2021.08.07 18:17:41 INFO  time: code lens generation in 1.86s[0m
[0m2021.08.07 18:17:41 INFO  time: code lens generation in 1.87s[0m
[0m2021.08.07 18:17:48 WARN  no build target for: /Users/seanmhiggins/SoftLot/scala-algorithms/build.sbt[0m
[0m2021.08.07 18:17:50 INFO  running '/Library/Java/JavaVirtualMachines/zulu-8.jdk/Contents/Home/bin/java -Djline.terminal=jline.UnsupportedTerminal -Dsbt.log.noformat=true -Dfile.encoding=UTF-8 -jar /var/folders/bm/l9gbqq2x3h594gzn5jk14mjw0000gn/T/metals692561637549930245/sbt-launch.jar -Dbloop.export-jar-classifiers=sources bloopInstall'[0m
[0m2021.08.07 18:17:50 WARN  no build target for: /Users/seanmhiggins/SoftLot/scala-algorithms/project/metals.sbt[0m
[0m2021.08.07 18:17:50 WARN  no build target for: /Users/seanmhiggins/SoftLot/scala-algorithms/project/project/metals.sbt[0m
[0m2021.08.07 18:17:55 ERROR /Users/seanmhiggins/.sbt/1.0/global.sbt:1: error: value / is not a member of sbt.Scope[0m
[0m2021.08.07 18:17:55 ERROR Global / serverConnectionType := ConnectionType.Tcp[0m
[0m2021.08.07 18:17:55 ERROR        ^[0m
[0m2021.08.07 18:17:55 ERROR /Users/seanmhiggins/.sbt/1.0/global.sbt:1: error: not found: value serverConnectionType[0m
[0m2021.08.07 18:17:55 ERROR Global / serverConnectionType := ConnectionType.Tcp[0m
[0m2021.08.07 18:17:55 ERROR          ^[0m
[0m2021.08.07 18:17:55 ERROR /Users/seanmhiggins/.sbt/1.0/global.sbt:1: error: not found: value ConnectionType[0m
[0m2021.08.07 18:17:55 ERROR Global / serverConnectionType := ConnectionType.Tcp[0m
[0m2021.08.07 18:17:55 ERROR                                  ^[0m
[0m2021.08.07 18:17:55 INFO  [error] Type error in expression[0m
[0m2021.08.07 18:17:55 INFO  Project loading failed: (r)etry, (q)uit, (l)ast, or (i)gnore? [0m
[0m2021.08.07 18:17:55 INFO  sbt bloopInstall exit: 1[0m
[0m2021.08.07 18:17:55 INFO  time: ran 'sbt bloopInstall' in 4.66s[0m
[0m2021.08.07 18:17:55 ERROR sbt command failed: /Library/Java/JavaVirtualMachines/zulu-8.jdk/Contents/Home/bin/java -Djline.terminal=jline.UnsupportedTerminal -Dsbt.log.noformat=true -Dfile.encoding=UTF-8 -jar /var/folders/bm/l9gbqq2x3h594gzn5jk14mjw0000gn/T/metals692561637549930245/sbt-launch.jar -Dbloop.export-jar-classifiers=sources bloopInstall[0m
[0m2021.08.07 18:17:55 INFO  skipping build import with status 'Dismissed'[0m
[0m2021.08.07 18:18:03 WARN  no build target for: /Users/seanmhiggins/SoftLot/scala-algorithms/src/main/scala/Search/LinearSearch.scala[0m
Aug 07, 2021 6:18:03 PM scala.meta.internal.pc.CompilerAccess handleError
SEVERE: file%3A%2F%2F%2FUsers%2Fseanmhiggins%2FSoftLot%2Fscala-algorithms%2Fsrc%2Fmain%2Fscala%2FSearch%2FLinearSearch.scala:23: error: end of file expected but } found
}
^
file%3A%2F%2F%2FUsers%2Fseanmhiggins%2FSoftLot%2Fscala-algorithms%2Fsrc%2Fmain%2Fscala%2FSearch%2FLinearSearch.scala:23: error: end of file expected but } found
}
^
	at scala.meta.internal.parsers.Reporter.syntaxError(Reporter.scala:16)
	at scala.meta.internal.parsers.Reporter.syntaxError$(Reporter.scala:16)
	at scala.meta.internal.parsers.Reporter$$anon$1.syntaxError(Reporter.scala:22)
	at scala.meta.internal.parsers.Reporter.syntaxError(Reporter.scala:17)
	at scala.meta.internal.parsers.Reporter.syntaxError$(Reporter.scala:17)
	at scala.meta.internal.parsers.Reporter$$anon$1.syntaxError(Reporter.scala:22)
	at scala.meta.internal.parsers.ScalametaParser.syntaxErrorExpected(ScalametaParser.scala:906)
	at scala.meta.internal.parsers.ScalametaParser.accept(ScalametaParser.scala:912)
	at scala.meta.internal.parsers.ScalametaParser.parseRule(ScalametaParser.scala:57)
	at scala.meta.internal.parsers.ScalametaParser.parseSource(ScalametaParser.scala:143)
	at scala.meta.parsers.Parse$.$anonfun$parseSource$1(Parse.scala:29)
	at scala.meta.internal.parsers.ScalametaParser$$anon$263.apply(ScalametaParser.scala:5258)
	at scala.meta.parsers.Api$XtensionParseDialectInput.parse(Api.scala:25)
	at scala.meta.internal.semanticdb.scalac.ParseOps$XtensionCompilationUnitSource.toSource(ParseOps.scala:17)
	at scala.meta.internal.semanticdb.scalac.TextDocumentOps$XtensionCompilationUnitDocument.toTextDocument(TextDocumentOps.scala:201)
	at scala.meta.internal.pc.SemanticdbTextDocumentProvider.textDocument(SemanticdbTextDocumentProvider.scala:51)

Aug 07, 2021 6:18:03 PM scala.meta.internal.pc.CompilerAccess handleError
SEVERE: file%3A%2F%2F%2FUsers%2Fseanmhiggins%2FSoftLot%2Fscala-algorithms%2Fsrc%2Fmain%2Fscala%2FSearch%2FLinearSearch.scala:23: error: end of file expected but } found
}
^
file%3A%2F%2F%2FUsers%2Fseanmhiggins%2FSoftLot%2Fscala-algorithms%2Fsrc%2Fmain%2Fscala%2FSearch%2FLinearSearch.scala:23: error: end of file expected but } found
}
^
	at scala.meta.internal.parsers.Reporter.syntaxError(Reporter.scala:16)
	at scala.meta.internal.parsers.Reporter.syntaxError$(Reporter.scala:16)
	at scala.meta.internal.parsers.Reporter$$anon$1.syntaxError(Reporter.scala:22)
	at scala.meta.internal.parsers.Reporter.syntaxError(Reporter.scala:17)
	at scala.meta.internal.parsers.Reporter.syntaxError$(Reporter.scala:17)
	at scala.meta.internal.parsers.Reporter$$anon$1.syntaxError(Reporter.scala:22)
	at scala.meta.internal.parsers.ScalametaParser.syntaxErrorExpected(ScalametaParser.scala:906)
	at scala.meta.internal.parsers.ScalametaParser.accept(ScalametaParser.scala:912)
	at scala.meta.internal.parsers.ScalametaParser.parseRule(ScalametaParser.scala:57)
	at scala.meta.internal.parsers.ScalametaParser.parseSource(ScalametaParser.scala:143)
	at scala.meta.parsers.Parse$.$anonfun$parseSource$1(Parse.scala:29)
	at scala.meta.internal.parsers.ScalametaParser$$anon$263.apply(ScalametaParser.scala:5258)
	at scala.meta.parsers.Api$XtensionParseDialectInput.parse(Api.scala:25)
	at scala.meta.internal.semanticdb.scalac.ParseOps$XtensionCompilationUnitSource.toSource(ParseOps.scala:17)
	at scala.meta.internal.semanticdb.scalac.TextDocumentOps$XtensionCompilationUnitDocument.toTextDocument(TextDocumentOps.scala:201)
	at scala.meta.internal.pc.SemanticdbTextDocumentProvider.textDocument(SemanticdbTextDocumentProvider.scala:51)

Aug 07, 2021 6:18:03 PM scala.meta.internal.pc.CompilerAccess handleError
SEVERE: file%3A%2F%2F%2FUsers%2Fseanmhiggins%2FSoftLot%2Fscala-algorithms%2Fsrc%2Fmain%2Fscala%2FSearch%2FLinearSearch.scala:23: error: end of file expected but } found
}
^
file%3A%2F%2F%2FUsers%2Fseanmhiggins%2FSoftLot%2Fscala-algorithms%2Fsrc%2Fmain%2Fscala%2FSearch%2FLinearSearch.scala:23: error: end of file expected but } found
}
^
	at scala.meta.internal.parsers.Reporter.syntaxError(Reporter.scala:16)
	at scala.meta.internal.parsers.Reporter.syntaxError$(Reporter.scala:16)
	at scala.meta.internal.parsers.Reporter$$anon$1.syntaxError(Reporter.scala:22)
	at scala.meta.internal.parsers.Reporter.syntaxError(Reporter.scala:17)
	at scala.meta.internal.parsers.Reporter.syntaxError$(Reporter.scala:17)
	at scala.meta.internal.parsers.Reporter$$anon$1.syntaxError(Reporter.scala:22)
	at scala.meta.internal.parsers.ScalametaParser.syntaxErrorExpected(ScalametaParser.scala:906)
	at scala.meta.internal.parsers.ScalametaParser.accept(ScalametaParser.scala:912)
	at scala.meta.internal.parsers.ScalametaParser.parseRule(ScalametaParser.scala:57)
	at scala.meta.internal.parsers.ScalametaParser.parseSource(ScalametaParser.scala:143)
	at scala.meta.parsers.Parse$.$anonfun$parseSource$1(Parse.scala:29)
	at scala.meta.internal.parsers.ScalametaParser$$anon$263.apply(ScalametaParser.scala:5258)
	at scala.meta.parsers.Api$XtensionParseDialectInput.parse(Api.scala:25)
	at scala.meta.internal.semanticdb.scalac.ParseOps$XtensionCompilationUnitSource.toSource(ParseOps.scala:17)
	at scala.meta.internal.semanticdb.scalac.TextDocumentOps$XtensionCompilationUnitDocument.toTextDocument(TextDocumentOps.scala:201)
	at scala.meta.internal.pc.SemanticdbTextDocumentProvider.textDocument(SemanticdbTextDocumentProvider.scala:51)

Aug 07, 2021 6:18:03 PM scala.meta.internal.pc.CompilerAccess handleError
SEVERE: file%3A%2F%2F%2FUsers%2Fseanmhiggins%2FSoftLot%2Fscala-algorithms%2Fsrc%2Fmain%2Fscala%2FSearch%2FLinearSearch.scala:23: error: end of file expected but } found
}
^
file%3A%2F%2F%2FUsers%2Fseanmhiggins%2FSoftLot%2Fscala-algorithms%2Fsrc%2Fmain%2Fscala%2FSearch%2FLinearSearch.scala:23: error: end of file expected but } found
}
^
	at scala.meta.internal.parsers.Reporter.syntaxError(Reporter.scala:16)
	at scala.meta.internal.parsers.Reporter.syntaxError$(Reporter.scala:16)
	at scala.meta.internal.parsers.Reporter$$anon$1.syntaxError(Reporter.scala:22)
	at scala.meta.internal.parsers.Reporter.syntaxError(Reporter.scala:17)
	at scala.meta.internal.parsers.Reporter.syntaxError$(Reporter.scala:17)
	at scala.meta.internal.parsers.Reporter$$anon$1.syntaxError(Reporter.scala:22)
	at scala.meta.internal.parsers.ScalametaParser.syntaxErrorExpected(ScalametaParser.scala:906)
	at scala.meta.internal.parsers.ScalametaParser.accept(ScalametaParser.scala:912)
	at scala.meta.internal.parsers.ScalametaParser.parseRule(ScalametaParser.scala:57)
	at scala.meta.internal.parsers.ScalametaParser.parseSource(ScalametaParser.scala:143)
	at scala.meta.parsers.Parse$.$anonfun$parseSource$1(Parse.scala:29)
	at scala.meta.internal.parsers.ScalametaParser$$anon$263.apply(ScalametaParser.scala:5258)
	at scala.meta.parsers.Api$XtensionParseDialectInput.parse(Api.scala:25)
	at scala.meta.internal.semanticdb.scalac.ParseOps$XtensionCompilationUnitSource.toSource(ParseOps.scala:17)
	at scala.meta.internal.semanticdb.scalac.TextDocumentOps$XtensionCompilationUnitDocument.toTextDocument(TextDocumentOps.scala:201)
	at scala.meta.internal.pc.SemanticdbTextDocumentProvider.textDocument(SemanticdbTextDocumentProvider.scala:51)

Aug 07, 2021 6:18:04 PM scala.meta.internal.pc.CompilerAccess handleError
SEVERE: file%3A%2F%2F%2FUsers%2Fseanmhiggins%2FSoftLot%2Fscala-algorithms%2Fsrc%2Fmain%2Fscala%2FSearch%2FLinearSearch.scala:23: error: end of file expected but } found
}
^
file%3A%2F%2F%2FUsers%2Fseanmhiggins%2FSoftLot%2Fscala-algorithms%2Fsrc%2Fmain%2Fscala%2FSearch%2FLinearSearch.scala:23: error: end of file expected but } found
}
^
	at scala.meta.internal.parsers.Reporter.syntaxError(Reporter.scala:16)
	at scala.meta.internal.parsers.Reporter.syntaxError$(Reporter.scala:16)
	at scala.meta.internal.parsers.Reporter$$anon$1.syntaxError(Reporter.scala:22)
	at scala.meta.internal.parsers.Reporter.syntaxError(Reporter.scala:17)
	at scala.meta.internal.parsers.Reporter.syntaxError$(Reporter.scala:17)
	at scala.meta.internal.parsers.Reporter$$anon$1.syntaxError(Reporter.scala:22)
	at scala.meta.internal.parsers.ScalametaParser.syntaxErrorExpected(ScalametaParser.scala:906)
	at scala.meta.internal.parsers.ScalametaParser.accept(ScalametaParser.scala:912)
	at scala.meta.internal.parsers.ScalametaParser.parseRule(ScalametaParser.scala:57)
	at scala.meta.internal.parsers.ScalametaParser.parseSource(ScalametaParser.scala:143)
	at scala.meta.parsers.Parse$.$anonfun$parseSource$1(Parse.scala:29)
	at scala.meta.internal.parsers.ScalametaParser$$anon$263.apply(ScalametaParser.scala:5258)
	at scala.meta.parsers.Api$XtensionParseDialectInput.parse(Api.scala:25)
	at scala.meta.internal.semanticdb.scalac.ParseOps$XtensionCompilationUnitSource.toSource(ParseOps.scala:17)
	at scala.meta.internal.semanticdb.scalac.TextDocumentOps$XtensionCompilationUnitDocument.toTextDocument(TextDocumentOps.scala:201)
	at scala.meta.internal.pc.SemanticdbTextDocumentProvider.textDocument(SemanticdbTextDocumentProvider.scala:51)

Aug 07, 2021 6:18:04 PM scala.meta.internal.pc.CompilerAccess handleError
SEVERE: file%3A%2F%2F%2FUsers%2Fseanmhiggins%2FSoftLot%2Fscala-algorithms%2Fsrc%2Fmain%2Fscala%2FSearch%2FLinearSearch.scala:23: error: end of file expected but } found
}
^
file%3A%2F%2F%2FUsers%2Fseanmhiggins%2FSoftLot%2Fscala-algorithms%2Fsrc%2Fmain%2Fscala%2FSearch%2FLinearSearch.scala:23: error: end of file expected but } found
}
^
	at scala.meta.internal.parsers.Reporter.syntaxError(Reporter.scala:16)
	at scala.meta.internal.parsers.Reporter.syntaxError$(Reporter.scala:16)
	at scala.meta.internal.parsers.Reporter$$anon$1.syntaxError(Reporter.scala:22)
	at scala.meta.internal.parsers.Reporter.syntaxError(Reporter.scala:17)
	at scala.meta.internal.parsers.Reporter.syntaxError$(Reporter.scala:17)
	at scala.meta.internal.parsers.Reporter$$anon$1.syntaxError(Reporter.scala:22)
	at scala.meta.internal.parsers.ScalametaParser.syntaxErrorExpected(ScalametaParser.scala:906)
	at scala.meta.internal.parsers.ScalametaParser.accept(ScalametaParser.scala:912)
	at scala.meta.internal.parsers.ScalametaParser.parseRule(ScalametaParser.scala:57)
	at scala.meta.internal.parsers.ScalametaParser.parseSource(ScalametaParser.scala:143)
	at scala.meta.parsers.Parse$.$anonfun$parseSource$1(Parse.scala:29)
	at scala.meta.internal.parsers.ScalametaParser$$anon$263.apply(ScalametaParser.scala:5258)
	at scala.meta.parsers.Api$XtensionParseDialectInput.parse(Api.scala:25)
	at scala.meta.internal.semanticdb.scalac.ParseOps$XtensionCompilationUnitSource.toSource(ParseOps.scala:17)
	at scala.meta.internal.semanticdb.scalac.TextDocumentOps$XtensionCompilationUnitDocument.toTextDocument(TextDocumentOps.scala:201)
	at scala.meta.internal.pc.SemanticdbTextDocumentProvider.textDocument(SemanticdbTextDocumentProvider.scala:51)

Aug 07, 2021 6:18:05 PM scala.meta.internal.pc.CompilerAccess handleError
SEVERE: file%3A%2F%2F%2FUsers%2Fseanmhiggins%2FSoftLot%2Fscala-algorithms%2Fsrc%2Fmain%2Fscala%2FSearch%2FLinearSearch.scala:23: error: end of file expected but } found
}
^
file%3A%2F%2F%2FUsers%2Fseanmhiggins%2FSoftLot%2Fscala-algorithms%2Fsrc%2Fmain%2Fscala%2FSearch%2FLinearSearch.scala:23: error: end of file expected but } found
}
^
	at scala.meta.internal.parsers.Reporter.syntaxError(Reporter.scala:16)
	at scala.meta.internal.parsers.Reporter.syntaxError$(Reporter.scala:16)
	at scala.meta.internal.parsers.Reporter$$anon$1.syntaxError(Reporter.scala:22)
	at scala.meta.internal.parsers.Reporter.syntaxError(Reporter.scala:17)
	at scala.meta.internal.parsers.Reporter.syntaxError$(Reporter.scala:17)
	at scala.meta.internal.parsers.Reporter$$anon$1.syntaxError(Reporter.scala:22)
	at scala.meta.internal.parsers.ScalametaParser.syntaxErrorExpected(ScalametaParser.scala:906)
	at scala.meta.internal.parsers.ScalametaParser.accept(ScalametaParser.scala:912)
	at scala.meta.internal.parsers.ScalametaParser.parseRule(ScalametaParser.scala:57)
	at scala.meta.internal.parsers.ScalametaParser.parseSource(ScalametaParser.scala:143)
	at scala.meta.parsers.Parse$.$anonfun$parseSource$1(Parse.scala:29)
	at scala.meta.internal.parsers.ScalametaParser$$anon$263.apply(ScalametaParser.scala:5258)
	at scala.meta.parsers.Api$XtensionParseDialectInput.parse(Api.scala:25)
	at scala.meta.internal.semanticdb.scalac.ParseOps$XtensionCompilationUnitSource.toSource(ParseOps.scala:17)
	at scala.meta.internal.semanticdb.scalac.TextDocumentOps$XtensionCompilationUnitDocument.toTextDocument(TextDocumentOps.scala:201)
	at scala.meta.internal.pc.SemanticdbTextDocumentProvider.textDocument(SemanticdbTextDocumentProvider.scala:51)

Aug 07, 2021 6:18:05 PM scala.meta.internal.pc.CompilerAccess handleError
SEVERE: file%3A%2F%2F%2FUsers%2Fseanmhiggins%2FSoftLot%2Fscala-algorithms%2Fsrc%2Fmain%2Fscala%2FSearch%2FLinearSearch.scala:23: error: end of file expected but } found
}
^
file%3A%2F%2F%2FUsers%2Fseanmhiggins%2FSoftLot%2Fscala-algorithms%2Fsrc%2Fmain%2Fscala%2FSearch%2FLinearSearch.scala:23: error: end of file expected but } found
}
^
	at scala.meta.internal.parsers.Reporter.syntaxError(Reporter.scala:16)
	at scala.meta.internal.parsers.Reporter.syntaxError$(Reporter.scala:16)
	at scala.meta.internal.parsers.Reporter$$anon$1.syntaxError(Reporter.scala:22)
	at scala.meta.internal.parsers.Reporter.syntaxError(Reporter.scala:17)
	at scala.meta.internal.parsers.Reporter.syntaxError$(Reporter.scala:17)
	at scala.meta.internal.parsers.Reporter$$anon$1.syntaxError(Reporter.scala:22)
	at scala.meta.internal.parsers.ScalametaParser.syntaxErrorExpected(ScalametaParser.scala:906)
	at scala.meta.internal.parsers.ScalametaParser.accept(ScalametaParser.scala:912)
	at scala.meta.internal.parsers.ScalametaParser.parseRule(ScalametaParser.scala:57)
	at scala.meta.internal.parsers.ScalametaParser.parseSource(ScalametaParser.scala:143)
	at scala.meta.parsers.Parse$.$anonfun$parseSource$1(Parse.scala:29)
	at scala.meta.internal.parsers.ScalametaParser$$anon$263.apply(ScalametaParser.scala:5258)
	at scala.meta.parsers.Api$XtensionParseDialectInput.parse(Api.scala:25)
	at scala.meta.internal.semanticdb.scalac.ParseOps$XtensionCompilationUnitSource.toSource(ParseOps.scala:17)
	at scala.meta.internal.semanticdb.scalac.TextDocumentOps$XtensionCompilationUnitDocument.toTextDocument(TextDocumentOps.scala:201)
	at scala.meta.internal.pc.SemanticdbTextDocumentProvider.textDocument(SemanticdbTextDocumentProvider.scala:51)

Aug 07, 2021 6:18:05 PM scala.meta.internal.pc.CompilerAccess handleError
SEVERE: file%3A%2F%2F%2FUsers%2Fseanmhiggins%2FSoftLot%2Fscala-algorithms%2Fsrc%2Fmain%2Fscala%2FSearch%2FLinearSearch.scala:23: error: end of file expected but } found
}
^
file%3A%2F%2F%2FUsers%2Fseanmhiggins%2FSoftLot%2Fscala-algorithms%2Fsrc%2Fmain%2Fscala%2FSearch%2FLinearSearch.scala:23: error: end of file expected but } found
}
^
	at scala.meta.internal.parsers.Reporter.syntaxError(Reporter.scala:16)
	at scala.meta.internal.parsers.Reporter.syntaxError$(Reporter.scala:16)
	at scala.meta.internal.parsers.Reporter$$anon$1.syntaxError(Reporter.scala:22)
	at scala.meta.internal.parsers.Reporter.syntaxError(Reporter.scala:17)
	at scala.meta.internal.parsers.Reporter.syntaxError$(Reporter.scala:17)
	at scala.meta.internal.parsers.Reporter$$anon$1.syntaxError(Reporter.scala:22)
	at scala.meta.internal.parsers.ScalametaParser.syntaxErrorExpected(ScalametaParser.scala:906)
	at scala.meta.internal.parsers.ScalametaParser.accept(ScalametaParser.scala:912)
	at scala.meta.internal.parsers.ScalametaParser.parseRule(ScalametaParser.scala:57)
	at scala.meta.internal.parsers.ScalametaParser.parseSource(ScalametaParser.scala:143)
	at scala.meta.parsers.Parse$.$anonfun$parseSource$1(Parse.scala:29)
	at scala.meta.internal.parsers.ScalametaParser$$anon$263.apply(ScalametaParser.scala:5258)
	at scala.meta.parsers.Api$XtensionParseDialectInput.parse(Api.scala:25)
	at scala.meta.internal.semanticdb.scalac.ParseOps$XtensionCompilationUnitSource.toSource(ParseOps.scala:17)
	at scala.meta.internal.semanticdb.scalac.TextDocumentOps$XtensionCompilationUnitDocument.toTextDocument(TextDocumentOps.scala:201)
	at scala.meta.internal.pc.SemanticdbTextDocumentProvider.textDocument(SemanticdbTextDocumentProvider.scala:51)

Aug 07, 2021 6:18:06 PM scala.meta.internal.pc.CompilerAccess handleError
SEVERE: file%3A%2F%2F%2FUsers%2Fseanmhiggins%2FSoftLot%2Fscala-algorithms%2Fsrc%2Fmain%2Fscala%2FSearch%2FLinearSearch.scala:23: error: end of file expected but } found
}
^
file%3A%2F%2F%2FUsers%2Fseanmhiggins%2FSoftLot%2Fscala-algorithms%2Fsrc%2Fmain%2Fscala%2FSearch%2FLinearSearch.scala:23: error: end of file expected but } found
}
^
	at scala.meta.internal.parsers.Reporter.syntaxError(Reporter.scala:16)
	at scala.meta.internal.parsers.Reporter.syntaxError$(Reporter.scala:16)
	at scala.meta.internal.parsers.Reporter$$anon$1.syntaxError(Reporter.scala:22)
	at scala.meta.internal.parsers.Reporter.syntaxError(Reporter.scala:17)
	at scala.meta.internal.parsers.Reporter.syntaxError$(Reporter.scala:17)
	at scala.meta.internal.parsers.Reporter$$anon$1.syntaxError(Reporter.scala:22)
	at scala.meta.internal.parsers.ScalametaParser.syntaxErrorExpected(ScalametaParser.scala:906)
	at scala.meta.internal.parsers.ScalametaParser.accept(ScalametaParser.scala:912)
	at scala.meta.internal.parsers.ScalametaParser.parseRule(ScalametaParser.scala:57)
	at scala.meta.internal.parsers.ScalametaParser.parseSource(ScalametaParser.scala:143)
	at scala.meta.parsers.Parse$.$anonfun$parseSource$1(Parse.scala:29)
	at scala.meta.internal.parsers.ScalametaParser$$anon$263.apply(ScalametaParser.scala:5258)
	at scala.meta.parsers.Api$XtensionParseDialectInput.parse(Api.scala:25)
	at scala.meta.internal.semanticdb.scalac.ParseOps$XtensionCompilationUnitSource.toSource(ParseOps.scala:17)
	at scala.meta.internal.semanticdb.scalac.TextDocumentOps$XtensionCompilationUnitDocument.toTextDocument(TextDocumentOps.scala:201)
	at scala.meta.internal.pc.SemanticdbTextDocumentProvider.textDocument(SemanticdbTextDocumentProvider.scala:51)

[0m2021.08.07 18:18:06 WARN  no build target for: /Users/seanmhiggins/SoftLot/scala-algorithms/src/main/scala/Search/LinearSearch.scala[0m
Aug 07, 2021 6:18:27 PM org.eclipse.lsp4j.jsonrpc.RemoteEndpoint handleCancellation
WARNING: Unmatched cancel notification for request id 61
[0m2021.08.07 18:19:24 WARN  no build target for: /Users/seanmhiggins/SoftLot/scala-algorithms/build.sbt[0m
[0m2021.08.07 18:19:24 INFO  skipping build import with status 'Dismissed'[0m
[0m2021.08.07 18:19:54 INFO  running '/Library/Java/JavaVirtualMachines/zulu-8.jdk/Contents/Home/bin/java -Djline.terminal=jline.UnsupportedTerminal -Dsbt.log.noformat=true -Dfile.encoding=UTF-8 -jar /var/folders/bm/l9gbqq2x3h594gzn5jk14mjw0000gn/T/metals3108166491591264414/sbt-launch.jar -Dbloop.export-jar-classifiers=sources bloopInstall'[0m
[0m2021.08.07 18:19:54 WARN  no build target for: /Users/seanmhiggins/SoftLot/scala-algorithms/project/metals.sbt[0m
[0m2021.08.07 18:19:54 WARN  no build target for: /Users/seanmhiggins/SoftLot/scala-algorithms/project/project/metals.sbt[0m
[0m2021.08.07 18:19:55 INFO  [info] welcome to sbt 1.3.13 (Azul Systems, Inc. Java 1.8.0_275)[0m
[0m2021.08.07 18:19:57 INFO  [info] loading settings for project scala-algorithms-build-build-build from metals.sbt ...[0m
[0m2021.08.07 18:19:57 INFO  [info] loading project definition from /Users/seanmhiggins/SoftLot/scala-algorithms/project/project/project[0m
[0m2021.08.07 18:19:58 INFO  [warn] There may be incompatibilities among your library dependencies; run 'evicted' to see detailed eviction warnings.[0m
[0m2021.08.07 18:19:58 INFO  [info] loading settings for project scala-algorithms-build-build from metals.sbt ...[0m
[0m2021.08.07 18:19:58 INFO  [info] loading project definition from /Users/seanmhiggins/SoftLot/scala-algorithms/project/project[0m
[0m2021.08.07 18:20:00 INFO  [warn] There may be incompatibilities among your library dependencies; run 'evicted' to see detailed eviction warnings.[0m
[0m2021.08.07 18:20:00 INFO  [success] Generated .bloop/scala-algorithms-build-build.json[0m
[0m2021.08.07 18:20:00 INFO  [success] Total time: 1 s, completed Aug 7, 2021 6:20:00 PM[0m
[0m2021.08.07 18:20:00 INFO  [info] loading settings for project scala-algorithms-build from plugins.sbt,metals.sbt ...[0m
[0m2021.08.07 18:20:00 INFO  [info] loading project definition from /Users/seanmhiggins/SoftLot/scala-algorithms/project[0m
[0m2021.08.07 18:20:01 INFO  skipping build import with status 'Started'[0m
[0m2021.08.07 18:20:01 WARN  no build target for: /Users/seanmhiggins/SoftLot/scala-algorithms/project/metals.sbt[0m
[0m2021.08.07 18:20:01 INFO  [warn] There may be incompatibilities among your library dependencies; run 'evicted' to see detailed eviction warnings.[0m
[0m2021.08.07 18:20:01 INFO  [success] Generated .bloop/scala-algorithms-build.json[0m
[0m2021.08.07 18:20:01 INFO  [success] Total time: 1 s, completed Aug 7, 2021 6:20:01 PM[0m
[0m2021.08.07 18:20:02 INFO  [info] loading settings for project scala-algorithms from build.sbt ...[0m
[0m2021.08.07 18:20:02 INFO  [info] set current project to TheAlgorithmsScala (in build file:/Users/seanmhiggins/SoftLot/scala-algorithms/)[0m
[0m2021.08.07 18:20:02 INFO  [success] Generated .bloop/scala-algorithms.json[0m
[0m2021.08.07 18:20:02 INFO  [success] Generated .bloop/scala-algorithms-test.json[0m
[0m2021.08.07 18:20:02 INFO  [success] Total time: 0 s, completed Aug 7, 2021 6:20:03 PM[0m
[0m2021.08.07 18:20:02 INFO  sbt bloopInstall exit: 0[0m
[0m2021.08.07 18:20:03 INFO  time: ran 'sbt bloopInstall' in 8.9s[0m
[0m2021.08.07 18:20:03 INFO  Attempting to connect to the build server...[0m
Starting the bsp launcher for bloop...
Opening a bsp server connection with 'bsp --protocol local --socket /var/folders/bm/l9gbqq2x3h594gzn5jk14mjw0000gn/T/bsp-launcher776117649971589734/bsp.socket'...
Waiting for the bsp connection to come up...
error: The command bsp --protocol local --socket /var/folders/bm/l9gbqq2x3h594gzn5jk14mjw0000gn/T/bsp-launcher776117649971589734/bsp.socket returned with an error
> [0m[32m[D][0m Loading 2 projects from '/Users/seanmhiggins/SoftLot/scala-algorithms/.bloop'...
> [0m[32m[D][0m Loading project from '/Users/seanmhiggins/SoftLot/scala-algorithms/.bloop/scala-algorithms-test.json'
> [0m[32m[D][0m Loading project from '/Users/seanmhiggins/SoftLot/scala-algorithms/.bloop/scala-algorithms.json'
> [0m[32m[D][0m Missing analysis file for project 'scala-algorithms-test'
> [0m[32m[D][0m Missing analysis file for project 'scala-algorithms'
> [0m[32m[D][0m Elapsed: 4.433375 ms
> [0m[31m[E][0m Boxed Error
> [0m[36m[T][0m java.util.concurrent.ExecutionException: Boxed Error
> [0m[36m[T][0m 	scala.concurrent.impl.Promise$.resolver(Promise.scala:87)
> [0m[36m[T][0m 	scala.concurrent.impl.Promise$.scala$concurrent$impl$Promise$$resolveTry(Promise.scala:79)
> [0m[36m[T][0m 	scala.concurrent.impl.Promise$DefaultPromise.tryComplete(Promise.scala:284)
> [0m[36m[T][0m 	scala.concurrent.Promise.tryFailure(Promise.scala:112)
> [0m[36m[T][0m 	scala.concurrent.Promise.tryFailure$(Promise.scala:112)
> [0m[36m[T][0m 	scala.concurrent.impl.Promise$DefaultPromise.tryFailure(Promise.scala:187)
> [0m[36m[T][0m 	monix.eval.internal.TaskRunLoop$$anon$1.onError(TaskRunLoop.scala:281)
> [0m[36m[T][0m 	monix.eval.internal.TaskRunLoop$.monix$eval$internal$TaskRunLoop$$loop$1(TaskRunLoop.scala:242)
> [0m[36m[T][0m 	monix.eval.internal.TaskRunLoop$RestartCallback$1.onError(TaskRunLoop.scala:125)
> [0m[36m[T][0m 	monix.eval.Callback$Extensions$.monix$eval$Callback$Extensions$$$anonfun$asyncOnError$1(Callback.scala:104)
> [0m[36m[T][0m 	monix.eval.Callback$Extensions$$anonfun$asyncOnError$extension$1.run(Callback.scala:104)
> [0m[36m[T][0m 	monix.execution.schedulers.TrampolineExecutionContext.monix$execution$schedulers$TrampolineExecutionContext$$localRunLoop(TrampolineExecutionContext.scala:109)
> [0m[36m[T][0m 	monix.execution.schedulers.TrampolineExecutionContext.startLoopOptimal(TrampolineExecutionContext.scala:93)
> [0m[36m[T][0m 	monix.execution.schedulers.TrampolineExecutionContext.execute(TrampolineExecutionContext.scala:78)
> [0m[36m[T][0m 	monix.execution.schedulers.BatchingScheduler.execute(BatchingScheduler.scala:50)
> [0m[36m[T][0m 	monix.execution.schedulers.BatchingScheduler.execute$(BatchingScheduler.scala:47)
> [0m[36m[T][0m 	monix.execution.schedulers.AsyncScheduler.execute(AsyncScheduler.scala:29)
> [0m[36m[T][0m 	monix.execution.schedulers.ExecuteExtensions.executeTrampolined(ExecuteExtensions.scala:86)
> [0m[36m[T][0m 	monix.execution.schedulers.ExecuteExtensions.executeTrampolined$(ExecuteExtensions.scala:85)
> [0m[36m[T][0m 	monix.execution.Scheduler$Extensions.executeTrampolined(Scheduler.scala:187)
> [0m[36m[T][0m 	monix.eval.Callback$Extensions$.asyncOnError$extension(Callback.scala:104)
> [0m[36m[T][0m 	monix.eval.internal.TaskDoOnCancel$$anon$1.onError(TaskDoOnCancel.scala:43)
> [0m[36m[T][0m 	monix.eval.internal.TaskRunLoop$.monix$eval$internal$TaskRunLoop$$loop$1(TaskRunLoop.scala:242)
> [0m[36m[T][0m 	monix.eval.internal.TaskRunLoop$RestartCallback$1.onSuccess(TaskRunLoop.scala:119)
> [0m[36m[T][0m 	monix.eval.Callback$$anon$2.monix$eval$Callback$$nestedInanon$$$anonfun$onSuccess$1(Callback.scala:91)
> [0m[36m[T][0m 	monix.eval.Callback$$anon$2$$anonfun$onSuccess$2.run(Callback.scala:91)
> [0m[36m[T][0m 	monix.execution.schedulers.TrampolineExecutionContext.monix$execution$schedulers$TrampolineExecutionContext$$localRunLoop(TrampolineExecutionContext.scala:109)
> [0m[36m[T][0m 	monix.execution.schedulers.TrampolineExecutionContext.startLoopOptimal(TrampolineExecutionContext.scala:93)
> [0m[36m[T][0m 	monix.execution.schedulers.TrampolineExecutionContext.execute(TrampolineExecutionContext.scala:78)
> [0m[36m[T][0m 	monix.execution.schedulers.BatchingScheduler.execute(BatchingScheduler.scala:50)
> [0m[36m[T][0m 	monix.execution.schedulers.BatchingScheduler.execute$(BatchingScheduler.scala:47)
> [0m[36m[T][0m 	monix.execution.schedulers.ExecutorScheduler.execute(ExecutorScheduler.scala:36)
> [0m[36m[T][0m 	monix.execution.schedulers.ExecuteExtensions.executeTrampolined(ExecuteExtensions.scala:86)
> [0m[36m[T][0m 	monix.execution.schedulers.ExecuteExtensions.executeTrampolined$(ExecuteExtensions.scala:85)
> [0m[36m[T][0m 	monix.execution.Scheduler$Extensions.executeTrampolined(Scheduler.scala:187)
> [0m[36m[T][0m 	monix.eval.Callback$Extensions$.asyncOnSuccess$extension(Callback.scala:100)
> [0m[36m[T][0m 	monix.eval.internal.TaskGatherUnordered$.monix$eval$internal$TaskGatherUnordered$$maybeSignalFinal$1(TaskGatherUnordered.scala:49)
> [0m[36m[T][0m 	monix.eval.internal.TaskGatherUnordered$$anon$1.onSuccess(TaskGatherUnordered.scala:129)
> [0m[36m[T][0m 	monix.eval.internal.TaskRunLoop$.monix$eval$internal$TaskRunLoop$$loop$1(TaskRunLoop.scala:191)
> [0m[36m[T][0m 	monix.eval.internal.TaskRunLoop$RestartCallback$1.onSuccess(TaskRunLoop.scala:119)
> [0m[36m[T][0m 	monix.eval.Task$.$anonfun$forkedUnit$2(Task.scala:1463)
> [0m[36m[T][0m 	java.util.concurrent.ThreadPoolExecutor.runWorker(ThreadPoolExecutor.java:1149)
> [0m[36m[T][0m 	java.util.concurrent.ThreadPoolExecutor$Worker.run(ThreadPoolExecutor.java:624)
> [0m[36m[T][0m 	java.lang.Thread.run(Thread.java:748)
> [0m[36m[T][0m Caused by: java.lang.NoClassDefFoundError: Could not initialize class bloop.sockets.UnixDomainSocketLibrary
> [0m[36m[T][0m 	bloop.sockets.UnixDomainServerSocket.<init>(UnixDomainServerSocket.java:103)
> [0m[36m[T][0m 	bloop.sockets.UnixDomainServerSocket.<init>(UnixDomainServerSocket.java:93)
> [0m[36m[T][0m 	bloop.io.ServerHandle$UnixLocal.<init>(ServerHandle.scala:20)
> [0m[36m[T][0m 	bloop.bsp.BspServer$.run(BspServer.scala:250)
> [0m[36m[T][0m 	bloop.engine.Interpreter$.runBsp(Interpreter.scala:106)
> [0m[36m[T][0m 	bloop.engine.Interpreter$.$anonfun$execute$1(Interpreter.scala:50)
> [0m[36m[T][0m 	monix.eval.internal.TaskRunLoop$.monix$eval$internal$TaskRunLoop$$loop$1(TaskRunLoop.scala:176)
> [0m[36m[T][0m 	monix.eval.internal.TaskRunLoop$RestartCallback$1.onSuccess(TaskRunLoop.scala:119)
> [0m[36m[T][0m 	monix.eval.Callback$$anon$2.monix$eval$Callback$$nestedInanon$$$anonfun$onSuccess$1(Callback.scala:91)
> [0m[36m[T][0m 	monix.eval.Callback$$anon$2$$anonfun$onSuccess$2.run(Callback.scala:91)
> [0m[36m[T][0m 	monix.execution.schedulers.TrampolineExecutionContext.monix$execution$schedulers$TrampolineExecutionContext$$localRunLoop(TrampolineExecutionContext.scala:109)
> [0m[36m[T][0m 	monix.execution.schedulers.TrampolineExecutionContext.startLoopOptimal(TrampolineExecutionContext.scala:93)
> [0m[36m[T][0m 	monix.execution.schedulers.TrampolineExecutionContext.execute(TrampolineExecutionContext.scala:78)
> [0m[36m[T][0m 	monix.execution.schedulers.BatchingScheduler.execute(BatchingScheduler.scala:50)
> [0m[36m[T][0m 	monix.execution.schedulers.BatchingScheduler.execute$(BatchingScheduler.scala:47)
> [0m[36m[T][0m 	monix.execution.schedulers.ExecutorScheduler.execute(ExecutorScheduler.scala:36)
> [0m[36m[T][0m 	monix.execution.schedulers.ExecuteExtensions.executeTrampolined(ExecuteExtensions.scala:86)
> [0m[36m[T][0m 	monix.execution.schedulers.ExecuteExtensions.executeTrampolined$(ExecuteExtensions.scala:85)
> [0m[36m[T][0m 	monix.execution.Scheduler$Extensions.executeTrampolined(Scheduler.scala:187)
> [0m[36m[T][0m 	monix.eval.Callback$Extensions$.asyncOnSuccess$extension(Callback.scala:100)
> [0m[36m[T][0m 	monix.eval.internal.TaskGatherUnordered$.monix$eval$internal$TaskGatherUnordered$$maybeSignalFinal$1(TaskGatherUnordered.scala:49)
> [0m[36m[T][0m 	monix.eval.internal.TaskGatherUnordered$$anon$1.onSuccess(TaskGatherUnordered.scala:129)
> [0m[36m[T][0m 	monix.eval.internal.TaskRunLoop$.monix$eval$internal$TaskRunLoop$$loop$1(TaskRunLoop.scala:191)
> [0m[36m[T][0m 	monix.eval.internal.TaskRunLoop$RestartCallback$1.onSuccess(TaskRunLoop.scala:119)
> [0m[36m[T][0m 	monix.eval.Task$.$anonfun$forkedUnit$2(Task.scala:1463)
> [0m[36m[T][0m 	java.util.concurrent.ThreadPoolExecutor.runWorker(ThreadPoolExecutor.java:1149)
> [0m[36m[T][0m 	java.util.concurrent.ThreadPoolExecutor$Worker.run(ThreadPoolExecutor.java:624)
> [0m[36m[T][0m 	java.lang.Thread.run(Thread.java:748)
error: Trying a tcp-based connection to the server instead...
Opening a bsp server connection with 'bsp --protocol tcp --port 28343'...
Waiting for the bsp connection to come up...
[0m[32m[D][0m Waiting for a connection at 127.0.0.1:28343...
The server is listening for incoming connections at tcp://127.0.0.1:28343...
Starting thread that pumps stdin and redirects it to the bsp server...
Starting thread that pumps server stdout and redirects it to the client stdout...
[0m2021.08.07 18:20:03 INFO  tracing is disabled for protocol BSP, to enable tracing of incoming and outgoing JSON messages create an empty file at /Users/seanmhiggins/Library/Caches/org.scalameta.metals/bsp.trace.json[0m
[0m2021.08.07 18:20:03 INFO  Attempting to connect to the build server...[0m
[0mStarting the bsp launcher for bloop...2021.08.07 18:20:03 
INFO  Attempting to connect to the build server...[0m
Opening a bsp server connection with 'bsp --protocol local --socket /var/folders/bm/l9gbqq2x3h594gzn5jk14mjw0000gn/T/bsp-launcher7033442883280394054/bsp.socket'...
Waiting for the bsp connection to come up...
Starting the bsp launcher for bloop...
Opening a bsp server connection with 'bsp --protocol local --socket /var/folders/bm/l9gbqq2x3h594gzn5jk14mjw0000gn/T/bsp-launcher8872319853408898603/bsp.socket'...
Waiting for the bsp connection to come up...
error: The command bsp --protocol local --socket /var/folders/bm/l9gbqq2x3h594gzn5jk14mjw0000gn/T/bsp-launcher7033442883280394054/bsp.socket returned with an error
> [0m[32m[D][0m Loading workspace settings from bloop.settings.json
> [0m[32m[D][0m Elapsed: 0.542958 ms
> [0m[31m[E][0m Boxed Error
> [0m[36m[T][0m java.util.concurrent.ExecutionException: Boxed Error
> [0m[36m[T][0m 	scala.concurrent.impl.Promise$.resolver(Promise.scala:87)
> [0m[36m[T][0m 	scala.concurrent.impl.Promise$.scala$concurrent$impl$Promise$$resolveTry(Promise.scala:79)
> [0m[36m[T][0m 	scala.concurrent.impl.Promise$DefaultPromise.tryComplete(Promise.scala:284)
> [0m[36m[T][0m 	scala.concurrent.Promise.tryFailure(Promise.scala:112)
> [0m[36m[T][0m 	scala.concurrent.Promise.tryFailure$(Promise.scala:112)
> [0m[36m[T][0m 	scala.concurrent.impl.Promise$DefaultPromise.tryFailure(Promise.scala:187)
> [0m[36m[T][0m 	monix.eval.internal.TaskRunLoop$$anon$1.onError(TaskRunLoop.scala:281)
> [0m[36m[T][0m 	monix.eval.internal.TaskRunLoop$.monix$eval$internal$TaskRunLoop$$loop$1(TaskRunLoop.scala:242)
> [0m[36m[T][0m 	monix.eval.internal.TaskRunLoop$RestartCallback$1.onError(TaskRunLoop.scala:125)
> [0m[36m[T][0m 	monix.eval.Callback$Extensions$.monix$eval$Callback$Extensions$$$anonfun$asyncOnError$1(Callback.scala:104)
> [0m[36m[T][0m 	monix.eval.Callback$Extensions$$anonfun$asyncOnError$extension$1.run(Callback.scala:104)
> [0m[36m[T][0m 	monix.execution.schedulers.TrampolineExecutionContext.monix$execution$schedulers$TrampolineExecutionContext$$localRunLoop(TrampolineExecutionContext.scala:109)
> [0m[36m[T][0m 	monix.execution.schedulers.TrampolineExecutionContext.startLoopOptimal(TrampolineExecutionContext.scala:93)
> [0m[36m[T][0m 	monix.execution.schedulers.TrampolineExecutionContext.execute(TrampolineExecutionContext.scala:78)
> [0m[36m[T][0m 	monix.execution.schedulers.BatchingScheduler.execute(BatchingScheduler.scala:50)
> [0m[36m[T][0m 	monix.execution.schedulers.BatchingScheduler.execute$(BatchingScheduler.scala:47)
> [0m[36m[T][0m 	monix.execution.schedulers.AsyncScheduler.execute(AsyncScheduler.scala:29)
> [0m[36m[T][0m 	monix.execution.schedulers.ExecuteExtensions.executeTrampolined(ExecuteExtensions.scala:86)
> [0m[36m[T][0m 	monix.execution.schedulers.ExecuteExtensions.executeTrampolined$(ExecuteExtensions.scala:85)
> [0m[36m[T][0m 	monix.execution.Scheduler$Extensions.executeTrampolined(Scheduler.scala:187)
> [0m[36m[T][0m 	monix.eval.Callback$Extensions$.asyncOnSuccess$extension(Callback.scala:100)
> [0m[36m[T][0m 	monix.eval.internal.TaskGatherUnordered$.monix$eval$internal$TaskGatherUnordered$$maybeSignalFinal$1(TaskGatherUnordered.scala:49)
> [0m[36m[T][0m 	monix.eval.internal.TaskGatherUnordered$$anon$1.onSuccess(TaskGatherUnordered.scala:129)
> [0m[36m[T][0m 	monix.eval.internal.TaskRunLoop$.monix$eval$internal$TaskRunLoop$$loop$1(TaskRunLoop.scala:191)
> [0m[36m[T][0m 	monix.eval.internal.TaskRunLoop$RestartCallback$1.onSuccess(TaskRunLoop.scala:119)
> [0m[36m[T][0m 	monix.eval.Task$.$anonfun$forkedUnit$2(Task.scala:1463)
> [0m[36m[T][0m 	java.util.concurrent.ForkJoinTask$RunnableExecuteAction.exec(ForkJoinTask.java:1402)
> [0m[36m[T][0m 	java.util.concurrent.ForkJoinTask.doExec(ForkJoinTask.java:289)
> [0m[36m[T][0m 	java.util.concurrent.ForkJoinPool$WorkQueue.runTask(ForkJoinPool.java:1056)
> [0m[36m[T][0m 	java.util.concurrent.ForkJoinPool.runWorker(ForkJoinPool.java:1692)
> [0m[36m[T][0m 	java.util.concurrent.ForkJoinWorkerThread.run(ForkJoinWorkerThread.java:175)
> [0m[36m[T][0m Caused by: java.lang.NoClassDefFoundError: Could not initialize class bloop.sockets.UnixDomainSocketLibrary
> [0m[36m[T][0m 	bloop.sockets.UnixDomainServerSocket.<init>(UnixDomainServerSocket.java:103)
> [0m[36m[T][0m 	bloop.sockets.UnixDomainServerSocket.<init>(UnixDomainServerSocket.java:93)
> [0m[36m[T][0m 	bloop.io.ServerHandle$UnixLocal.<init>(ServerHandle.scala:20)
> [0m[36m[T][0m 	bloop.bsp.BspServer$.run(BspServer.scala:250)
> [0m[36m[T][0m 	bloop.engine.Interpreter$.runBsp(Interpreter.scala:106)
> [0m[36m[T][0m 	bloop.engine.Interpreter$.$anonfun$execute$1(Interpreter.scala:50)
> [0m[36m[T][0m 	monix.eval.internal.TaskRunLoop$.monix$eval$internal$TaskRunLoop$$loop$1(TaskRunLoop.scala:176)
> [0m[36m[T][0m 	monix.eval.internal.TaskRunLoop$RestartCallback$1.onSuccess(TaskRunLoop.scala:119)
> [0m[36m[T][0m 	monix.eval.Callback$Extensions$.monix$eval$Callback$Extensions$$$anonfun$asyncOnSuccess$1(Callback.scala:100)
> [0m[36m[T][0m 	monix.eval.Callback$Extensions$$anonfun$asyncOnSuccess$extension$1.run(Callback.scala:100)
> [0m[36m[T][0m 	monix.execution.schedulers.TrampolineExecutionContext.monix$execution$schedulers$TrampolineExecutionContext$$localRunLoop(TrampolineExecutionContext.scala:109)
> [0m[36m[T][0m 	monix.execution.schedulers.TrampolineExecutionContext.startLoopOptimal(TrampolineExecutionContext.scala:93)
> [0m[36m[T][0m 	monix.execution.schedulers.TrampolineExecutionContext.execute(TrampolineExecutionContext.scala:78)
> [0m[36m[T][0m 	monix.execution.schedulers.BatchingScheduler.execute(BatchingScheduler.scala:50)
> [0m[36m[T][0m 	monix.execution.schedulers.BatchingScheduler.execute$(BatchingScheduler.scala:47)
> [0m[36m[T][0m 	monix.execution.schedulers.AsyncScheduler.execute(AsyncScheduler.scala:29)
> [0m[36m[T][0m 	monix.execution.schedulers.ExecuteExtensions.executeTrampolined(ExecuteExtensions.scala:86)
> [0m[36m[T][0m 	monix.execution.schedulers.ExecuteExtensions.executeTrampolined$(ExecuteExtensions.scala:85)
> [0m[36m[T][0m 	monix.execution.Scheduler$Extensions.executeTrampolined(Scheduler.scala:187)
> [0m[36m[T][0m 	monix.eval.Callback$Extensions$.asyncOnSuccess$extension(Callback.scala:100)
> [0m[36m[T][0m 	monix.eval.internal.TaskGatherUnordered$.monix$eval$internal$TaskGatherUnordered$$maybeSignalFinal$1(TaskGatherUnordered.scala:49)
> [0m[36m[T][0m 	monix.eval.internal.TaskGatherUnordered$$anon$1.onSuccess(TaskGatherUnordered.scala:129)
> [0m[36m[T][0m 	monix.eval.internal.TaskRunLoop$.monix$eval$internal$TaskRunLoop$$loop$1(TaskRunLoop.scala:191)
> [0m[36m[T][0m 	monix.eval.internal.TaskRunLoop$RestartCallback$1.onSuccess(TaskRunLoop.scala:119)
> [0m[36m[T][0m 	monix.eval.Task$.$anonfun$forkedUnit$2(Task.scala:1463)
> [0m[36m[T][0m 	java.util.concurrent.ForkJoinTask$RunnableExecuteAction.exec(ForkJoinTask.java:1402)
> [0m[36m[T][0m 	java.util.concurrent.ForkJoinTask.doExec(ForkJoinTask.java:289)
> [0m[36m[T][0m 	java.util.concurrent.ForkJoinPool$WorkQueue.runTask(ForkJoinPool.java:1056)
> [0m[36m[T][0m 	java.util.concurrent.ForkJoinPool.runWorker(ForkJoinPool.java:1692)
> [0m[36m[T][0m 	java.util.concurrent.ForkJoinWorkerThread.run(ForkJoinWorkerThread.java:175)
error: Trying a tcp-based connection to the server instead...
Opening a bsp server connection with 'bsp --protocol tcp --port 12143'...
Waiting for the bsp connection to come up...
error: The command bsp --protocol local --socket /var/folders/bm/l9gbqq2x3h594gzn5jk14mjw0000gn/T/bsp-launcher8872319853408898603/bsp.socket returned with an error
> [0m[32m[D][0m Loading workspace settings from bloop.settings.json
> [0m[32m[D][0m Elapsed: 0.198875 ms
> [0m[31m[E][0m Boxed Error
> [0m[36m[T][0m java.util.concurrent.ExecutionException: Boxed Error
> [0m[36m[T][0m 	scala.concurrent.impl.Promise$.resolver(Promise.scala:87)
> [0m[36m[T][0m 	scala.concurrent.impl.Promise$.scala$concurrent$impl$Promise$$resolveTry(Promise.scala:79)
> [0m[36m[T][0m 	scala.concurrent.impl.Promise$DefaultPromise.tryComplete(Promise.scala:284)
> [0m[36m[T][0m 	scala.concurrent.Promise.tryFailure(Promise.scala:112)
> [0m[36m[T][0m 	scala.concurrent.Promise.tryFailure$(Promise.scala:112)
> [0m[36m[T][0m 	scala.concurrent.impl.Promise$DefaultPromise.tryFailure(Promise.scala:187)
> [0m[36m[T][0m 	monix.eval.internal.TaskRunLoop$$anon$1.onError(TaskRunLoop.scala:281)
> [0m[36m[T][0m 	monix.eval.internal.TaskRunLoop$.monix$eval$internal$TaskRunLoop$$loop$1(TaskRunLoop.scala:242)
> [0m[36m[T][0m 	monix.eval.internal.TaskRunLoop$RestartCallback$1.onError(TaskRunLoop.scala:125)
> [0m[36m[T][0m 	monix.eval.Callback$Extensions$.monix$eval$Callback$Extensions$$$anonfun$asyncOnError$1(Callback.scala:104)
> [0m[36m[T][0m 	monix.eval.Callback$Extensions$$anonfun$asyncOnError$extension$1.run(Callback.scala:104)
> [0m[36m[T][0m 	monix.execution.schedulers.TrampolineExecutionContext.monix$execution$schedulers$TrampolineExecutionContext$$localRunLoop(TrampolineExecutionContext.scala:109)
> [0m[36m[T][0m 	monix.execution.schedulers.TrampolineExecutionContext.startLoopOptimal(TrampolineExecutionContext.scala:93)
> [0m[36m[T][0m 	monix.execution.schedulers.TrampolineExecutionContext.execute(TrampolineExecutionContext.scala:78)
> [0m[36m[T][0m 	monix.execution.schedulers.BatchingScheduler.execute(BatchingScheduler.scala:50)
> [0m[36m[T][0m 	monix.execution.schedulers.BatchingScheduler.execute$(BatchingScheduler.scala:47)
> [0m[36m[T][0m 	monix.execution.schedulers.AsyncScheduler.execute(AsyncScheduler.scala:29)
> [0m[36m[T][0m 	monix.execution.schedulers.ExecuteExtensions.executeTrampolined(ExecuteExtensions.scala:86)
> [0m[36m[T][0m 	monix.execution.schedulers.ExecuteExtensions.executeTrampolined$(ExecuteExtensions.scala:85)
> [0m[36m[T][0m 	monix.execution.Scheduler$Extensions.executeTrampolined(Scheduler.scala:187)
> [0m[36m[T][0m 	monix.eval.Callback$Extensions$.asyncOnSuccess$extension(Callback.scala:100)
> [0m[36m[T][0m 	monix.eval.internal.TaskGatherUnordered$.monix$eval$internal$TaskGatherUnordered$$maybeSignalFinal$1(TaskGatherUnordered.scala:49)
> [0m[36m[T][0m 	monix.eval.internal.TaskGatherUnordered$$anon$1.onSuccess(TaskGatherUnordered.scala:129)
> [0m[36m[T][0m 	monix.eval.internal.TaskRunLoop$.monix$eval$internal$TaskRunLoop$$loop$1(TaskRunLoop.scala:191)
> [0m[36m[T][0m 	monix.eval.internal.TaskRunLoop$RestartCallback$1.onSuccess(TaskRunLoop.scala:119)
> [0m[36m[T][0m 	monix.eval.Task$.$anonfun$forkedUnit$2(Task.scala:1463)
> [0m[36m[T][0m 	java.util.concurrent.ForkJoinTask$RunnableExecuteAction.exec(ForkJoinTask.java:1402)
> [0m[36m[T][0m 	java.util.concurrent.ForkJoinTask.doExec(ForkJoinTask.java:289)
> [0m[36m[T][0m 	java.util.concurrent.ForkJoinPool$WorkQueue.runTask(ForkJoinPool.java:1056)
> [0m[36m[T][0m 	java.util.concurrent.ForkJoinPool.runWorker(ForkJoinPool.java:1692)
> [0m[36m[T][0m 	java.util.concurrent.ForkJoinWorkerThread.run(ForkJoinWorkerThread.java:175)
> [0m[36m[T][0m Caused by: java.lang.NoClassDefFoundError: Could not initialize class bloop.sockets.UnixDomainSocketLibrary
> [0m[36m[T][0m 	bloop.sockets.UnixDomainServerSocket.<init>(UnixDomainServerSocket.java:103)
> [0m[36m[T][0m 	bloop.sockets.UnixDomainServerSocket.<init>(UnixDomainServerSocket.java:93)
> [0m[36m[T][0m 	bloop.io.ServerHandle$UnixLocal.<init>(ServerHandle.scala:20)
> [0m[36m[T][0m 	bloop.bsp.BspServer$.run(BspServer.scala:250)
> [0m[36m[T][0m 	bloop.engine.Interpreter$.runBsp(Interpreter.scala:106)
> [0m[36m[T][0m 	bloop.engine.Interpreter$.$anonfun$execute$1(Interpreter.scala:50)
> [0m[36m[T][0m 	monix.eval.internal.TaskRunLoop$.monix$eval$internal$TaskRunLoop$$loop$1(TaskRunLoop.scala:176)
> [0m[36m[T][0m 	monix.eval.internal.TaskRunLoop$RestartCallback$1.onSuccess(TaskRunLoop.scala:119)
> [0m[36m[T][0m 	monix.eval.Callback$Extensions$.monix$eval$Callback$Extensions$$$anonfun$asyncOnSuccess$1(Callback.scala:100)
> [0m[36m[T][0m 	monix.eval.Callback$Extensions$$anonfun$asyncOnSuccess$extension$1.run(Callback.scala:100)
> [0m[36m[T][0m 	monix.execution.schedulers.TrampolineExecutionContext.monix$execution$schedulers$TrampolineExecutionContext$$localRunLoop(TrampolineExecutionContext.scala:109)
> [0m[36m[T][0m 	monix.execution.schedulers.TrampolineExecutionContext.startLoopOptimal(TrampolineExecutionContext.scala:93)
> [0m[36m[T][0m 	monix.execution.schedulers.TrampolineExecutionContext.execute(TrampolineExecutionContext.scala:78)
> [0m[36m[T][0m 	monix.execution.schedulers.BatchingScheduler.execute(BatchingScheduler.scala:50)
> [0m[36m[T][0m 	monix.execution.schedulers.BatchingScheduler.execute$(BatchingScheduler.scala:47)
> [0m[36m[T][0m 	monix.execution.schedulers.AsyncScheduler.execute(AsyncScheduler.scala:29)
> [0m[36m[T][0m 	monix.execution.schedulers.ExecuteExtensions.executeTrampolined(ExecuteExtensions.scala:86)
> [0m[36m[T][0m 	monix.execution.schedulers.ExecuteExtensions.executeTrampolined$(ExecuteExtensions.scala:85)
> [0m[36m[T][0m 	monix.execution.Scheduler$Extensions.executeTrampolined(Scheduler.scala:187)
> [0m[36m[T][0m 	monix.eval.Callback$Extensions$.asyncOnSuccess$extension(Callback.scala:100)
> [0m[36m[T][0m 	monix.eval.internal.TaskGatherUnordered$.monix$eval$internal$TaskGatherUnordered$$maybeSignalFinal$1(TaskGatherUnordered.scala:49)
> [0m[36m[T][0m 	monix.eval.internal.TaskGatherUnordered$$anon$1.onSuccess(TaskGatherUnordered.scala:129)
> [0m[36m[T][0m 	monix.eval.internal.TaskRunLoop$.monix$eval$internal$TaskRunLoop$$loop$1(TaskRunLoop.scala:191)
> [0m[36m[T][0m 	monix.eval.internal.TaskRunLoop$RestartCallback$1.onSuccess(TaskRunLoop.scala:119)
> [0m[36m[T][0m 	monix.eval.Task$.$anonfun$forkedUnit$2(Task.scala:1463)
> [0m[36m[T][0m 	java.util.concurrent.ForkJoinTask$RunnableExecuteAction.exec(ForkJoinTask.java:1402)
> [0m[36m[T][0m 	java.util.concurrent.ForkJoinTask.doExec(ForkJoinTask.java:289)
> [0m[36m[T][0m 	java.util.concurrent.ForkJoinPool$WorkQueue.runTask(ForkJoinPool.java:1056)
> [0m[36m[T][0m 	java.util.concurrent.ForkJoinPool.runWorker(ForkJoinPool.java:1692)
> [0m[36m[T][0m 	java.util.concurrent.ForkJoinWorkerThread.run(ForkJoinWorkerThread.java:175)
error: Trying a tcp-based connection to the server instead...
Opening a bsp server connection with 'bsp --protocol tcp --port 30734'...
Waiting for the bsp connection to come up...
[0m[32m[D][0m Loading workspace settings from bloop.settings.json
[0m[32m[D][0m Waiting for a connection at 127.0.0.1:12143...
The server is listening for incoming connections at tcp://127.0.0.1:12143...
[0m[32m[D][0m Loading workspace settings from bloop.settings.json
[0m[32m[D][0m Waiting for a connection at 127.0.0.1:30734...
The server is listening for incoming connections at tcp://127.0.0.1:30734...
Starting thread that pumps stdin and redirects it to the bsp server...
Starting thread that pumps stdin and redirects it to the bsp server...
Starting thread that pumps server stdout and redirects it to the client stdout...
Starting thread that pumps server stdout and redirects it to the client stdout...
[0m2021.08.07 18:20:03 INFO  tracing is disabled for protocol BSP, to enable tracing of incoming and outgoing JSON messages create an empty file at /Users/seanmhiggins/Library/Caches/org.scalameta.metals/bsp.trace.json[0m
[0m2021.08.07 18:20:03 INFO  tracing is disabled for protocol BSP, to enable tracing of incoming and outgoing JSON messages create an empty file at /Users/seanmhiggins/Library/Caches/org.scalameta.metals/bsp.trace.json[0m
[0m2021.08.07 18:20:03 INFO  time: Connected to build server in 0.15s[0m
[0m2021.08.07 18:20:03 INFO  Connected to Build server: Bloop v1.4.8-19-4d9f966b[0m
[0m2021.08.07 18:20:05 INFO  time: indexed workspace in 2.64s[0m
[0m2021.08.07 18:20:06 INFO  compiling scala-algorithms (22 scala sources)[0m
Aug 07, 2021 6:20:06 PM org.eclipse.lsp4j.jsonrpc.RemoteEndpoint handleCancellation
WARNING: Unmatched cancel notification for request id 91
[0m2021.08.07 18:20:08 WARN  1 deprecation[0m
[0m2021.08.07 18:20:08 WARN  8 deprecations (since 2.13.0)[0m
[0m2021.08.07 18:20:08 WARN  1 deprecation (since 2.13.3)[0m
[0m2021.08.07 18:20:08 WARN  10 deprecations in total; re-run with -deprecation for details[0m
[0m2021.08.07 18:20:08 INFO  compiling scala-algorithms-test (22 scala sources)[0m
[0m2021.08.07 18:20:08 INFO  time: code lens generation in 2.1s[0m
[0m2021.08.07 18:20:08 INFO  time: code lens generation in 2.1s[0m
[0m2021.08.07 18:20:08 INFO  time: compiled scala-algorithms in 2.91s[0m
[0m2021.08.07 18:20:08 INFO  time: compiled scala-algorithms-test in 0.66s[0m
[0m2021.08.07 18:21:05 INFO  compiling scala-algorithms-test (22 scala sources)[0m
[0m2021.08.07 18:21:05 INFO  time: compiled scala-algorithms-test in 0.48s[0m
Aug 07, 2021 6:21:15 PM org.eclipse.lsp4j.jsonrpc.RemoteEndpoint handleCancellation
WARNING: Unmatched cancel notification for request id 120
[0m2021.08.07 18:21:20 INFO  compiling scala-algorithms-test (22 scala sources)[0m
[0m2021.08.07 18:21:22 INFO  time: compiled scala-algorithms-test in 1.75s[0m
Aug 07, 2021 6:36:01 PM org.eclipse.lsp4j.jsonrpc.RemoteEndpoint handleCancellation
WARNING: Unmatched cancel notification for request id 198
Aug 07, 2021 6:36:11 PM org.eclipse.lsp4j.jsonrpc.RemoteEndpoint handleCancellation
WARNING: Unmatched cancel notification for request id 212
Aug 07, 2021 6:36:16 PM org.eclipse.lsp4j.jsonrpc.RemoteEndpoint handleCancellation
WARNING: Unmatched cancel notification for request id 220
Aug 07, 2021 6:36:16 PM org.eclipse.lsp4j.jsonrpc.RemoteEndpoint handleCancellation
WARNING: Unmatched cancel notification for request id 226
Aug 07, 2021 6:36:18 PM org.eclipse.lsp4j.jsonrpc.RemoteEndpoint handleCancellation
WARNING: Unmatched cancel notification for request id 235
Aug 07, 2021 6:36:19 PM org.eclipse.lsp4j.jsonrpc.RemoteEndpoint handleCancellation
WARNING: Unmatched cancel notification for request id 241
Aug 07, 2021 6:36:38 PM org.eclipse.lsp4j.jsonrpc.RemoteEndpoint handleCancellation
WARNING: Unmatched cancel notification for request id 249
[0m2021.08.07 18:36:47 INFO  compiling scala-algorithms-test (1 scala source)[0m
[0m2021.08.07 18:36:47 INFO  time: compiled scala-algorithms-test in 0.51s[0m
[0m2021.08.07 18:37:20 INFO  compiling scala-algorithms-test (1 scala source)[0m
[0m2021.08.07 18:37:20 INFO  time: compiled scala-algorithms-test in 0.42s[0m
[0m2021.08.07 18:37:59 INFO  compiling scala-algorithms-test (1 scala source)[0m
[0m2021.08.07 18:37:59 INFO  time: compiled scala-algorithms-test in 0.64s[0m
Aug 07, 2021 6:38:03 PM org.eclipse.lsp4j.jsonrpc.RemoteEndpoint handleCancellation
WARNING: Unmatched cancel notification for request id 358
Aug 07, 2021 6:38:05 PM org.eclipse.lsp4j.jsonrpc.RemoteEndpoint handleCancellation
WARNING: Unmatched cancel notification for request id 365
[0m2021.08.07 18:38:13 INFO  compiling scala-algorithms-test (1 scala source)[0m
[0m2021.08.07 18:38:13 INFO  time: compiled scala-algorithms-test in 0.43s[0m
Aug 07, 2021 6:38:15 PM org.eclipse.lsp4j.jsonrpc.RemoteEndpoint handleCancellation
WARNING: Unmatched cancel notification for request id 400
[0m2021.08.07 18:38:23 INFO  compiling scala-algorithms-test (1 scala source)[0m
[0m2021.08.07 18:38:23 INFO  time: compiled scala-algorithms-test in 0.39s[0m
[0m2021.08.07 18:38:31 INFO  compiling scala-algorithms-test (1 scala source)[0m
[0m2021.08.07 18:38:31 INFO  time: compiled scala-algorithms-test in 0.47s[0m
[0m2021.08.07 18:38:41 INFO  compiling scala-algorithms-test (1 scala source)[0m
[0m2021.08.07 18:38:41 INFO  time: compiled scala-algorithms-test in 0.4s[0m
Aug 07, 2021 6:38:46 PM org.eclipse.lsp4j.jsonrpc.RemoteEndpoint handleCancellation
WARNING: Unmatched cancel notification for request id 495
Aug 07, 2021 6:38:48 PM org.eclipse.lsp4j.jsonrpc.RemoteEndpoint handleCancellation
WARNING: Unmatched cancel notification for request id 501
[0m2021.08.07 18:38:58 INFO  compiling scala-algorithms-test (1 scala source)[0m
[0m2021.08.07 18:38:58 INFO  time: compiled scala-algorithms-test in 0.39s[0m
Aug 07, 2021 6:39:15 PM org.eclipse.lsp4j.jsonrpc.RemoteEndpoint handleCancellation
WARNING: Unmatched cancel notification for request id 555
Aug 07, 2021 6:39:17 PM org.eclipse.lsp4j.jsonrpc.RemoteEndpoint handleCancellation
WARNING: Unmatched cancel notification for request id 563
Aug 07, 2021 6:39:18 PM org.eclipse.lsp4j.jsonrpc.RemoteEndpoint handleCancellation
WARNING: Unmatched cancel notification for request id 569
Aug 07, 2021 6:39:21 PM org.eclipse.lsp4j.jsonrpc.RemoteEndpoint handleCancellation
WARNING: Unmatched cancel notification for request id 576
Aug 07, 2021 9:04:21 PM org.eclipse.lsp4j.jsonrpc.RemoteEndpoint handleCancellation
WARNING: Unmatched cancel notification for request id 596
Aug 09, 2021 2:43:41 PM org.eclipse.lsp4j.jsonrpc.services.GenericEndpoint notify
INFO: Unsupported notification method: $/setTrace
Aug 09, 2021 2:46:00 PM org.eclipse.lsp4j.jsonrpc.services.GenericEndpoint notify
INFO: Unsupported notification method: $/setTrace
Aug 09, 2021 2:46:01 PM org.eclipse.lsp4j.jsonrpc.services.GenericEndpoint notify
INFO: Unsupported notification method: $/setTrace
Aug 09, 2021 2:46:01 PM org.eclipse.lsp4j.jsonrpc.services.GenericEndpoint notify
INFO: Unsupported notification method: $/setTrace
Aug 09, 2021 2:46:01 PM org.eclipse.lsp4j.jsonrpc.services.GenericEndpoint notify
INFO: Unsupported notification method: $/setTrace
Aug 09, 2021 2:46:02 PM org.eclipse.lsp4j.jsonrpc.services.GenericEndpoint notify
INFO: Unsupported notification method: $/setTrace
Aug 09, 2021 2:46:02 PM org.eclipse.lsp4j.jsonrpc.services.GenericEndpoint notify
INFO: Unsupported notification method: $/setTrace
Aug 09, 2021 2:46:02 PM org.eclipse.lsp4j.jsonrpc.services.GenericEndpoint notify
INFO: Unsupported notification method: $/setTrace
Aug 09, 2021 2:46:02 PM org.eclipse.lsp4j.jsonrpc.services.GenericEndpoint notify
INFO: Unsupported notification method: $/setTrace
Aug 09, 2021 2:46:02 PM org.eclipse.lsp4j.jsonrpc.services.GenericEndpoint notify
INFO: Unsupported notification method: $/setTrace
Aug 09, 2021 2:46:02 PM org.eclipse.lsp4j.jsonrpc.services.GenericEndpoint notify
INFO: Unsupported notification method: $/setTrace
Aug 09, 2021 2:46:02 PM org.eclipse.lsp4j.jsonrpc.services.GenericEndpoint notify
INFO: Unsupported notification method: $/setTrace
Aug 09, 2021 2:46:02 PM org.eclipse.lsp4j.jsonrpc.services.GenericEndpoint notify
INFO: Unsupported notification method: $/setTrace
Aug 09, 2021 2:46:02 PM org.eclipse.lsp4j.jsonrpc.services.GenericEndpoint notify
INFO: Unsupported notification method: $/setTrace
Aug 09, 2021 2:46:03 PM org.eclipse.lsp4j.jsonrpc.services.GenericEndpoint notify
INFO: Unsupported notification method: $/setTrace
Aug 09, 2021 2:46:03 PM org.eclipse.lsp4j.jsonrpc.services.GenericEndpoint notify
INFO: Unsupported notification method: $/setTrace
Aug 09, 2021 6:29:33 PM org.eclipse.lsp4j.jsonrpc.RemoteEndpoint handleCancellation
WARNING: Unmatched cancel notification for request id 656
Aug 09, 2021 6:29:48 PM org.eclipse.lsp4j.jsonrpc.RemoteEndpoint handleCancellation
WARNING: Unmatched cancel notification for request id 665
Aug 09, 2021 6:29:55 PM org.eclipse.lsp4j.jsonrpc.RemoteEndpoint handleCancellation
WARNING: Unmatched cancel notification for request id 682
something's wrong: no file:///Users/seanmhiggins/SoftLot/scala-algorithms/src/main/scala/Search/BinarySearch.scala in List[Int]RangePosition(file:///Users/seanmhiggins/SoftLot/scala-algorithms/src/main/scala/Search/BinarySearch.scala, 1404, 1404, 1413)
Aug 09, 2021 6:43:14 PM org.eclipse.lsp4j.jsonrpc.RemoteEndpoint handleCancellation
WARNING: Unmatched cancel notification for request id 779
Aug 09, 2021 6:43:32 PM org.eclipse.lsp4j.jsonrpc.RemoteEndpoint handleCancellation
WARNING: Unmatched cancel notification for request id 787
Aug 09, 2021 6:44:27 PM org.eclipse.lsp4j.jsonrpc.RemoteEndpoint handleCancellation
WARNING: Unmatched cancel notification for request id 795
Aug 09, 2021 6:44:46 PM org.eclipse.lsp4j.jsonrpc.RemoteEndpoint handleCancellation
WARNING: Unmatched cancel notification for request id 803
Aug 09, 2021 6:46:06 PM org.eclipse.lsp4j.jsonrpc.RemoteEndpoint handleCancellation
WARNING: Unmatched cancel notification for request id 811
something's wrong: no file:///Users/seanmhiggins/SoftLot/scala-algorithms/src/main/scala/Mathematics/Fibonacci.scala in Stream[Int]RangePosition(file:///Users/seanmhiggins/SoftLot/scala-algorithms/src/main/scala/Mathematics/Fibonacci.scala, 68, 68, 79)
Aug 09, 2021 6:59:51 PM org.eclipse.lsp4j.jsonrpc.RemoteEndpoint handleCancellation
WARNING: Unmatched cancel notification for request id 871
Aug 09, 2021 6:59:53 PM org.eclipse.lsp4j.jsonrpc.RemoteEndpoint handleCancellation
WARNING: Unmatched cancel notification for request id 879
Aug 09, 2021 7:03:13 PM org.eclipse.lsp4j.jsonrpc.RemoteEndpoint handleCancellation
WARNING: Unmatched cancel notification for request id 909
Aug 09, 2021 7:03:23 PM org.eclipse.lsp4j.jsonrpc.RemoteEndpoint handleCancellation
WARNING: Unmatched cancel notification for request id 917
something's wrong: no file:///Users/seanmhiggins/SoftLot/scala-algorithms/src/main/scala/Mathematics/StreamSieve.scala in Stream[Int]RangePosition(file:///Users/seanmhiggins/SoftLot/scala-algorithms/src/main/scala/Mathematics/StreamSieve.scala, 68, 68, 79)
Aug 09, 2021 9:08:07 PM org.eclipse.lsp4j.jsonrpc.RemoteEndpoint handleCancellation
WARNING: Unmatched cancel notification for request id 933
[0m2021.08.09 21:34:25 INFO  compiling scala-algorithms-test (1 scala source)[0m
[0m2021.08.09 21:34:25 INFO  time: compiled scala-algorithms-test in 0.49s[0m
Aug 09, 2021 9:34:40 PM org.eclipse.lsp4j.jsonrpc.RemoteEndpoint handleCancellation
WARNING: Unmatched cancel notification for request id 988
Aug 09, 2021 9:34:40 PM org.eclipse.lsp4j.jsonrpc.RemoteEndpoint handleCancellation
WARNING: Unmatched cancel notification for request id 994
[0m2021.08.09 21:34:55 INFO  compiling scala-algorithms-test (1 scala source)[0m
[0m2021.08.09 21:34:55 INFO  time: compiled scala-algorithms-test in 0.41s[0m
[0m2021.08.09 21:35:03 INFO  compiling scala-algorithms-test (1 scala source)[0m
[0m2021.08.09 21:35:03 INFO  time: compiled scala-algorithms-test in 0.46s[0m
Aug 09, 2021 9:35:13 PM org.eclipse.lsp4j.jsonrpc.RemoteEndpoint handleCancellation
WARNING: Unmatched cancel notification for request id 1046
Aug 09, 2021 9:35:29 PM org.eclipse.lsp4j.jsonrpc.RemoteEndpoint handleCancellation
WARNING: Unmatched cancel notification for request id 1065
